2025-03-13 21:39:07 error: Ha ocurrido un error
2025-03-13 21:50:31 error: Ha ocurrido un error
2025-03-13 22:04:04 error: Ha ocurrido un error
2025-03-13 22:33:05 error: Ha ocurrido un error
2025-03-13 22:39:33 error: Ha ocurrido un error
2025-03-13 22:40:42 error: Ha ocurrido un error
2025-03-13 22:47:37 error: Ha ocurrido un error
2025-03-13 23:08:16 error: Ha ocurrido un error SASL: SCRAM-SERVER-FIRST-MESSAGE: client password must be a string
2025-03-13 23:09:42 error: Ha ocurrido un error SASL: SCRAM-SERVER-FIRST-MESSAGE: client password must be a string
2025-03-13 23:13:14 error: Ha ocurrido un error SASL: SCRAM-SERVER-FIRST-MESSAGE: client password must be a string
2025-03-13 23:15:02 error: Ha ocurrido un error SASL: SCRAM-SERVER-FIRST-MESSAGE: client password must be a string
2025-03-13 23:15:35 error: Ha ocurrido un error SASL: SCRAM-SERVER-FIRST-MESSAGE: client password must be a string
2025-03-22 23:37:02 error: Ha ocurrido un error Access denied for user 'postgres'@'localhost' (using password: NO)
2025-03-22 23:38:48 error: Ha ocurrido un error Access denied for user 'root'@'localhost' (using password: NO)
2025-03-22 23:58:31 error: Ha ocurrido un error Access denied for user 'root'@'localhost' (using password: NO)
2025-03-22 23:59:11 info: Executing (default): SELECT 1+1 AS result
2025-03-22 23:59:11 info: Conexión a la base de datos establecida correctamente.
2025-03-22 23:59:11 info: Executing (default): SELECT TABLE_NAME FROM INFORMATION_SCHEMA.TABLES WHERE TABLE_TYPE = 'BASE TABLE' AND TABLE_NAME = 'consola' AND TABLE_SCHEMA = 'taller_react'
2025-03-22 23:59:11 info: Executing (default): CREATE TABLE IF NOT EXISTS `consola` (`id` INTEGER auto_increment , `nombre` TEXT NOT NULL, PRIMARY KEY (`id`)) ENGINE=InnoDB;
2025-03-22 23:59:12 info: Executing (default): SHOW INDEX FROM `consola`
2025-03-22 23:59:12 info: Executing (default): SELECT TABLE_NAME FROM INFORMATION_SCHEMA.TABLES WHERE TABLE_TYPE = 'BASE TABLE' AND TABLE_NAME = 'categoria' AND TABLE_SCHEMA = 'taller_react'
2025-03-22 23:59:12 info: Executing (default): CREATE TABLE IF NOT EXISTS `categoria` (`id` INTEGER auto_increment , `nombre` TEXT NOT NULL, PRIMARY KEY (`id`)) ENGINE=InnoDB;
2025-03-22 23:59:12 info: Executing (default): SHOW INDEX FROM `categoria`
2025-03-22 23:59:12 info: Executing (default): SELECT TABLE_NAME FROM INFORMATION_SCHEMA.TABLES WHERE TABLE_TYPE = 'BASE TABLE' AND TABLE_NAME = 'juego' AND TABLE_SCHEMA = 'taller_react'
2025-03-22 23:59:12 info: Executing (default): CREATE TABLE IF NOT EXISTS `juego` (`id` INTEGER auto_increment , `nombre` TEXT NOT NULL, `id_consola` INTEGER NOT NULL, `id_categoria` INTEGER NOT NULL, `imagen` TEXT NOT NULL, `year` INTEGER NOT NULL, `descripcion` TEXT NOT NULL, PRIMARY KEY (`id`), FOREIGN KEY (`id_consola`) REFERENCES `consola` (`id`) ON DELETE NO ACTION ON UPDATE CASCADE, FOREIGN KEY (`id_categoria`) REFERENCES `categoria` (`id`) ON DELETE NO ACTION ON UPDATE CASCADE) ENGINE=InnoDB;
2025-03-22 23:59:12 info: Executing (default): SHOW INDEX FROM `juego`
2025-03-22 23:59:12 info: Modelos sincronizados correctamente.
2025-03-22 23:59:12 info: Servidor escuchando en el puerto: 3001
2025-03-23 00:29:14 info: Executing (default): INSERT INTO `juego` (`id`,`nombre`,`id_consola`,`id_categoria`,`imagen`,`year`,`descripcion`) VALUES (DEFAULT,?,?,?,?,?,?);
2025-03-23 00:32:17 info: Executing (default): INSERT INTO `juego` (`id`,`nombre`,`id_consola`,`id_categoria`,`imagen`,`year`,`descripcion`) VALUES (DEFAULT,?,?,?,?,?,?);
2025-03-23 00:37:38 info: Executing (default): SELECT `Juego`.`id`, `Juego`.`nombre`, `Juego`.`id_consola`, `Juego`.`id_categoria`, `Juego`.`imagen`, `Juego`.`year`, `Juego`.`descripcion`, `consola`.`id` AS `consola.id`, `consola`.`nombre` AS `consola.nombre`, `categoria`.`id` AS `categoria.id`, `categoria`.`nombre` AS `categoria.nombre` FROM `juego` AS `Juego` LEFT OUTER JOIN `consola` AS `consola` ON `Juego`.`id_consola` = `consola`.`id` LEFT OUTER JOIN `categoria` AS `categoria` ON `Juego`.`id_categoria` = `categoria`.`id`;
2025-03-23 00:37:38 info: Executing (default): SELECT `Juego`.`id`, `Juego`.`nombre`, `Juego`.`id_consola`, `Juego`.`id_categoria`, `Juego`.`imagen`, `Juego`.`year`, `Juego`.`descripcion`, `consola`.`id` AS `consola.id`, `consola`.`nombre` AS `consola.nombre`, `categoria`.`id` AS `categoria.id`, `categoria`.`nombre` AS `categoria.nombre` FROM `juego` AS `Juego` LEFT OUTER JOIN `consola` AS `consola` ON `Juego`.`id_consola` = `consola`.`id` LEFT OUTER JOIN `categoria` AS `categoria` ON `Juego`.`id_categoria` = `categoria`.`id`;
2025-03-23 00:37:40 info: Executing (default): SELECT `Juego`.`id`, `Juego`.`nombre`, `Juego`.`id_consola`, `Juego`.`id_categoria`, `Juego`.`imagen`, `Juego`.`year`, `Juego`.`descripcion`, `consola`.`id` AS `consola.id`, `consola`.`nombre` AS `consola.nombre`, `categoria`.`id` AS `categoria.id`, `categoria`.`nombre` AS `categoria.nombre` FROM `juego` AS `Juego` LEFT OUTER JOIN `consola` AS `consola` ON `Juego`.`id_consola` = `consola`.`id` LEFT OUTER JOIN `categoria` AS `categoria` ON `Juego`.`id_categoria` = `categoria`.`id`;
2025-03-23 00:37:40 info: Executing (default): SELECT `Juego`.`id`, `Juego`.`nombre`, `Juego`.`id_consola`, `Juego`.`id_categoria`, `Juego`.`imagen`, `Juego`.`year`, `Juego`.`descripcion`, `consola`.`id` AS `consola.id`, `consola`.`nombre` AS `consola.nombre`, `categoria`.`id` AS `categoria.id`, `categoria`.`nombre` AS `categoria.nombre` FROM `juego` AS `Juego` LEFT OUTER JOIN `consola` AS `consola` ON `Juego`.`id_consola` = `consola`.`id` LEFT OUTER JOIN `categoria` AS `categoria` ON `Juego`.`id_categoria` = `categoria`.`id`;
2025-03-23 00:37:43 info: Executing (default): SELECT `Juego`.`id`, `Juego`.`nombre`, `Juego`.`id_consola`, `Juego`.`id_categoria`, `Juego`.`imagen`, `Juego`.`year`, `Juego`.`descripcion`, `consola`.`id` AS `consola.id`, `consola`.`nombre` AS `consola.nombre`, `categoria`.`id` AS `categoria.id`, `categoria`.`nombre` AS `categoria.nombre` FROM `juego` AS `Juego` LEFT OUTER JOIN `consola` AS `consola` ON `Juego`.`id_consola` = `consola`.`id` LEFT OUTER JOIN `categoria` AS `categoria` ON `Juego`.`id_categoria` = `categoria`.`id`;
2025-03-23 00:37:43 info: Executing (default): SELECT `Juego`.`id`, `Juego`.`nombre`, `Juego`.`id_consola`, `Juego`.`id_categoria`, `Juego`.`imagen`, `Juego`.`year`, `Juego`.`descripcion`, `consola`.`id` AS `consola.id`, `consola`.`nombre` AS `consola.nombre`, `categoria`.`id` AS `categoria.id`, `categoria`.`nombre` AS `categoria.nombre` FROM `juego` AS `Juego` LEFT OUTER JOIN `consola` AS `consola` ON `Juego`.`id_consola` = `consola`.`id` LEFT OUTER JOIN `categoria` AS `categoria` ON `Juego`.`id_categoria` = `categoria`.`id`;
2025-03-23 00:48:25 info: Executing (default): INSERT INTO `juego` (`id`,`nombre`,`id_consola`,`id_categoria`,`imagen`,`year`,`descripcion`) VALUES (DEFAULT,?,?,?,?,?,?);
2025-03-24 20:44:47 info: Executing (default): SELECT 1+1 AS result
2025-03-24 20:44:48 info: Conexión a la base de datos establecida correctamente.
2025-03-24 20:44:48 info: Executing (default): SELECT TABLE_NAME FROM INFORMATION_SCHEMA.TABLES WHERE TABLE_TYPE = 'BASE TABLE' AND TABLE_NAME = 'consola' AND TABLE_SCHEMA = 'taller_react'
2025-03-24 20:44:48 info: Executing (default): SHOW INDEX FROM `consola`
2025-03-24 20:44:48 info: Executing (default): SELECT TABLE_NAME FROM INFORMATION_SCHEMA.TABLES WHERE TABLE_TYPE = 'BASE TABLE' AND TABLE_NAME = 'categoria' AND TABLE_SCHEMA = 'taller_react'
2025-03-24 20:44:48 info: Executing (default): SHOW INDEX FROM `categoria`
2025-03-24 20:44:48 info: Executing (default): SELECT TABLE_NAME FROM INFORMATION_SCHEMA.TABLES WHERE TABLE_TYPE = 'BASE TABLE' AND TABLE_NAME = 'juego' AND TABLE_SCHEMA = 'taller_react'
2025-03-24 20:44:48 info: Executing (default): SHOW INDEX FROM `juego`
2025-03-24 20:44:48 info: Modelos sincronizados correctamente.
2025-03-24 20:44:48 info: Servidor escuchando en el puerto: 3001
2025-03-24 21:22:54 info: Executing (default): SELECT `Juego`.`id`, `Juego`.`nombre`, `Juego`.`id_consola`, `Juego`.`id_categoria`, `Juego`.`imagen`, `Juego`.`year`, `Juego`.`descripcion`, `consola`.`id` AS `consola.id`, `consola`.`nombre` AS `consola.nombre`, `categoria`.`id` AS `categoria.id`, `categoria`.`nombre` AS `categoria.nombre` FROM `juego` AS `Juego` LEFT OUTER JOIN `consola` AS `consola` ON `Juego`.`id_consola` = `consola`.`id` LEFT OUTER JOIN `categoria` AS `categoria` ON `Juego`.`id_categoria` = `categoria`.`id`;
2025-03-24 21:22:55 info: Executing (default): SELECT `Juego`.`id`, `Juego`.`nombre`, `Juego`.`id_consola`, `Juego`.`id_categoria`, `Juego`.`imagen`, `Juego`.`year`, `Juego`.`descripcion`, `consola`.`id` AS `consola.id`, `consola`.`nombre` AS `consola.nombre`, `categoria`.`id` AS `categoria.id`, `categoria`.`nombre` AS `categoria.nombre` FROM `juego` AS `Juego` LEFT OUTER JOIN `consola` AS `consola` ON `Juego`.`id_consola` = `consola`.`id` LEFT OUTER JOIN `categoria` AS `categoria` ON `Juego`.`id_categoria` = `categoria`.`id`;
2025-03-24 21:31:50 info: Executing (default): SELECT `Juego`.`id`, `Juego`.`nombre`, `Juego`.`id_consola`, `Juego`.`id_categoria`, `Juego`.`imagen`, `Juego`.`year`, `Juego`.`descripcion`, `consola`.`id` AS `consola.id`, `consola`.`nombre` AS `consola.nombre`, `categoria`.`id` AS `categoria.id`, `categoria`.`nombre` AS `categoria.nombre` FROM `juego` AS `Juego` LEFT OUTER JOIN `consola` AS `consola` ON `Juego`.`id_consola` = `consola`.`id` LEFT OUTER JOIN `categoria` AS `categoria` ON `Juego`.`id_categoria` = `categoria`.`id`;
2025-03-24 21:31:50 info: Executing (default): SELECT `Juego`.`id`, `Juego`.`nombre`, `Juego`.`id_consola`, `Juego`.`id_categoria`, `Juego`.`imagen`, `Juego`.`year`, `Juego`.`descripcion`, `consola`.`id` AS `consola.id`, `consola`.`nombre` AS `consola.nombre`, `categoria`.`id` AS `categoria.id`, `categoria`.`nombre` AS `categoria.nombre` FROM `juego` AS `Juego` LEFT OUTER JOIN `consola` AS `consola` ON `Juego`.`id_consola` = `consola`.`id` LEFT OUTER JOIN `categoria` AS `categoria` ON `Juego`.`id_categoria` = `categoria`.`id`;
2025-03-24 22:25:13 info: Executing (default): SELECT `Juego`.`id`, `Juego`.`nombre`, `Juego`.`id_consola`, `Juego`.`id_categoria`, `Juego`.`imagen`, `Juego`.`year`, `Juego`.`descripcion`, `consola`.`id` AS `consola.id`, `consola`.`nombre` AS `consola.nombre`, `categoria`.`id` AS `categoria.id`, `categoria`.`nombre` AS `categoria.nombre` FROM `juego` AS `Juego` LEFT OUTER JOIN `consola` AS `consola` ON `Juego`.`id_consola` = `consola`.`id` LEFT OUTER JOIN `categoria` AS `categoria` ON `Juego`.`id_categoria` = `categoria`.`id`;
2025-03-24 22:25:13 info: Executing (default): SELECT `Juego`.`id`, `Juego`.`nombre`, `Juego`.`id_consola`, `Juego`.`id_categoria`, `Juego`.`imagen`, `Juego`.`year`, `Juego`.`descripcion`, `consola`.`id` AS `consola.id`, `consola`.`nombre` AS `consola.nombre`, `categoria`.`id` AS `categoria.id`, `categoria`.`nombre` AS `categoria.nombre` FROM `juego` AS `Juego` LEFT OUTER JOIN `consola` AS `consola` ON `Juego`.`id_consola` = `consola`.`id` LEFT OUTER JOIN `categoria` AS `categoria` ON `Juego`.`id_categoria` = `categoria`.`id`;
2025-03-24 22:27:15 info: Executing (default): SELECT `Juego`.`id`, `Juego`.`nombre`, `Juego`.`id_consola`, `Juego`.`id_categoria`, `Juego`.`imagen`, `Juego`.`year`, `Juego`.`descripcion`, `consola`.`id` AS `consola.id`, `consola`.`nombre` AS `consola.nombre`, `categoria`.`id` AS `categoria.id`, `categoria`.`nombre` AS `categoria.nombre` FROM `juego` AS `Juego` LEFT OUTER JOIN `consola` AS `consola` ON `Juego`.`id_consola` = `consola`.`id` LEFT OUTER JOIN `categoria` AS `categoria` ON `Juego`.`id_categoria` = `categoria`.`id`;
2025-03-24 22:27:15 info: Executing (default): SELECT `Juego`.`id`, `Juego`.`nombre`, `Juego`.`id_consola`, `Juego`.`id_categoria`, `Juego`.`imagen`, `Juego`.`year`, `Juego`.`descripcion`, `consola`.`id` AS `consola.id`, `consola`.`nombre` AS `consola.nombre`, `categoria`.`id` AS `categoria.id`, `categoria`.`nombre` AS `categoria.nombre` FROM `juego` AS `Juego` LEFT OUTER JOIN `consola` AS `consola` ON `Juego`.`id_consola` = `consola`.`id` LEFT OUTER JOIN `categoria` AS `categoria` ON `Juego`.`id_categoria` = `categoria`.`id`;
2025-03-24 22:27:52 info: Executing (default): SELECT `Juego`.`id`, `Juego`.`nombre`, `Juego`.`id_consola`, `Juego`.`id_categoria`, `Juego`.`imagen`, `Juego`.`year`, `Juego`.`descripcion`, `consola`.`id` AS `consola.id`, `consola`.`nombre` AS `consola.nombre`, `categoria`.`id` AS `categoria.id`, `categoria`.`nombre` AS `categoria.nombre` FROM `juego` AS `Juego` LEFT OUTER JOIN `consola` AS `consola` ON `Juego`.`id_consola` = `consola`.`id` LEFT OUTER JOIN `categoria` AS `categoria` ON `Juego`.`id_categoria` = `categoria`.`id`;
2025-03-24 22:27:53 info: Executing (default): SELECT `Juego`.`id`, `Juego`.`nombre`, `Juego`.`id_consola`, `Juego`.`id_categoria`, `Juego`.`imagen`, `Juego`.`year`, `Juego`.`descripcion`, `consola`.`id` AS `consola.id`, `consola`.`nombre` AS `consola.nombre`, `categoria`.`id` AS `categoria.id`, `categoria`.`nombre` AS `categoria.nombre` FROM `juego` AS `Juego` LEFT OUTER JOIN `consola` AS `consola` ON `Juego`.`id_consola` = `consola`.`id` LEFT OUTER JOIN `categoria` AS `categoria` ON `Juego`.`id_categoria` = `categoria`.`id`;
2025-03-27 21:57:37 info: Executing (default): SELECT 1+1 AS result
2025-03-27 21:57:37 info: Conexión a la base de datos establecida correctamente.
2025-03-27 21:57:37 info: Executing (default): SELECT TABLE_NAME FROM INFORMATION_SCHEMA.TABLES WHERE TABLE_TYPE = 'BASE TABLE' AND TABLE_NAME = 'consola' AND TABLE_SCHEMA = 'taller_react'
2025-03-27 21:57:38 info: Executing (default): SHOW INDEX FROM `consola`
2025-03-27 21:57:38 info: Executing (default): SELECT TABLE_NAME FROM INFORMATION_SCHEMA.TABLES WHERE TABLE_TYPE = 'BASE TABLE' AND TABLE_NAME = 'categoria' AND TABLE_SCHEMA = 'taller_react'
2025-03-27 21:57:38 info: Executing (default): SHOW INDEX FROM `categoria`
2025-03-27 21:57:38 info: Executing (default): SELECT TABLE_NAME FROM INFORMATION_SCHEMA.TABLES WHERE TABLE_TYPE = 'BASE TABLE' AND TABLE_NAME = 'juego' AND TABLE_SCHEMA = 'taller_react'
2025-03-27 21:57:38 info: Executing (default): SHOW INDEX FROM `juego`
2025-03-27 21:57:38 info: Modelos sincronizados correctamente.
2025-03-27 21:57:38 info: Servidor escuchando en el puerto: 3001
2025-03-27 22:01:26 info: Executing (default): SELECT 1+1 AS result
2025-03-27 22:01:26 info: Conexión a la base de datos establecida correctamente.
2025-03-27 22:01:26 info: Executing (default): SELECT TABLE_NAME FROM INFORMATION_SCHEMA.TABLES WHERE TABLE_TYPE = 'BASE TABLE' AND TABLE_NAME = 'consola' AND TABLE_SCHEMA = 'taller_react'
2025-03-27 22:01:26 info: Executing (default): SHOW INDEX FROM `consola`
2025-03-27 22:01:26 info: Executing (default): SELECT TABLE_NAME FROM INFORMATION_SCHEMA.TABLES WHERE TABLE_TYPE = 'BASE TABLE' AND TABLE_NAME = 'categoria' AND TABLE_SCHEMA = 'taller_react'
2025-03-27 22:01:26 info: Executing (default): SHOW INDEX FROM `categoria`
2025-03-27 22:01:26 info: Executing (default): SELECT TABLE_NAME FROM INFORMATION_SCHEMA.TABLES WHERE TABLE_TYPE = 'BASE TABLE' AND TABLE_NAME = 'juego' AND TABLE_SCHEMA = 'taller_react'
2025-03-27 22:01:26 info: Executing (default): SHOW INDEX FROM `juego`
2025-03-27 22:01:26 info: Modelos sincronizados correctamente.
2025-03-27 22:01:26 info: Servidor escuchando en el puerto: 3001
2025-03-27 22:01:55 info: Executing (default): SELECT 1+1 AS result
2025-03-27 22:01:55 info: Conexión a la base de datos establecida correctamente.
2025-03-27 22:01:55 info: Executing (default): SELECT TABLE_NAME FROM INFORMATION_SCHEMA.TABLES WHERE TABLE_TYPE = 'BASE TABLE' AND TABLE_NAME = 'consola' AND TABLE_SCHEMA = 'taller_react'
2025-03-27 22:01:55 info: Executing (default): SHOW INDEX FROM `consola`
2025-03-27 22:01:55 info: Executing (default): SELECT TABLE_NAME FROM INFORMATION_SCHEMA.TABLES WHERE TABLE_TYPE = 'BASE TABLE' AND TABLE_NAME = 'categoria' AND TABLE_SCHEMA = 'taller_react'
2025-03-27 22:01:55 info: Executing (default): SHOW INDEX FROM `categoria`
2025-03-27 22:01:55 info: Executing (default): SELECT TABLE_NAME FROM INFORMATION_SCHEMA.TABLES WHERE TABLE_TYPE = 'BASE TABLE' AND TABLE_NAME = 'juego' AND TABLE_SCHEMA = 'taller_react'
2025-03-27 22:01:55 info: Executing (default): SHOW INDEX FROM `juego`
2025-03-27 22:01:55 info: Modelos sincronizados correctamente.
2025-03-27 22:01:55 info: Servidor escuchando en el puerto: 3001
2025-03-27 22:02:41 info: Executing (default): SELECT 1+1 AS result
2025-03-27 22:02:41 info: Conexión a la base de datos establecida correctamente.
2025-03-27 22:02:41 info: Executing (default): SELECT TABLE_NAME FROM INFORMATION_SCHEMA.TABLES WHERE TABLE_TYPE = 'BASE TABLE' AND TABLE_NAME = 'consola' AND TABLE_SCHEMA = 'taller_react'
2025-03-27 22:02:41 info: Executing (default): SHOW INDEX FROM `consola`
2025-03-27 22:02:41 info: Executing (default): SELECT TABLE_NAME FROM INFORMATION_SCHEMA.TABLES WHERE TABLE_TYPE = 'BASE TABLE' AND TABLE_NAME = 'categoria' AND TABLE_SCHEMA = 'taller_react'
2025-03-27 22:02:41 info: Executing (default): SHOW INDEX FROM `categoria`
2025-03-27 22:02:41 info: Executing (default): SELECT TABLE_NAME FROM INFORMATION_SCHEMA.TABLES WHERE TABLE_TYPE = 'BASE TABLE' AND TABLE_NAME = 'juego' AND TABLE_SCHEMA = 'taller_react'
2025-03-27 22:02:41 info: Executing (default): SHOW INDEX FROM `juego`
2025-03-27 22:02:41 info: Modelos sincronizados correctamente.
2025-03-27 22:02:42 info: Servidor escuchando en el puerto: 3001
2025-03-28 14:42:19 info: Executing (default): SELECT 1+1 AS result
2025-03-28 14:42:19 info: Conexión a la base de datos establecida correctamente.
2025-03-28 14:42:19 info: Executing (default): SELECT TABLE_NAME FROM INFORMATION_SCHEMA.TABLES WHERE TABLE_TYPE = 'BASE TABLE' AND TABLE_NAME = 'consola' AND TABLE_SCHEMA = 'taller_react'
2025-03-28 14:42:19 info: Executing (default): SHOW INDEX FROM `consola`
2025-03-28 14:42:19 info: Executing (default): SELECT TABLE_NAME FROM INFORMATION_SCHEMA.TABLES WHERE TABLE_TYPE = 'BASE TABLE' AND TABLE_NAME = 'categoria' AND TABLE_SCHEMA = 'taller_react'
2025-03-28 14:42:19 info: Executing (default): SHOW INDEX FROM `categoria`
2025-03-28 14:42:19 info: Executing (default): SELECT TABLE_NAME FROM INFORMATION_SCHEMA.TABLES WHERE TABLE_TYPE = 'BASE TABLE' AND TABLE_NAME = 'juego' AND TABLE_SCHEMA = 'taller_react'
2025-03-28 14:42:19 info: Executing (default): SHOW INDEX FROM `juego`
2025-03-28 14:42:19 info: Modelos sincronizados correctamente.
2025-03-28 14:42:19 info: Servidor escuchando en el puerto: 3001
2025-03-28 14:55:25 info: Executing (default): SELECT 1+1 AS result
2025-03-28 14:55:25 info: Conexión a la base de datos establecida correctamente.
2025-03-28 14:55:25 info: Executing (default): SELECT TABLE_NAME FROM INFORMATION_SCHEMA.TABLES WHERE TABLE_TYPE = 'BASE TABLE' AND TABLE_NAME = 'consola' AND TABLE_SCHEMA = 'taller_react'
2025-03-28 14:55:25 info: Executing (default): SHOW INDEX FROM `consola`
2025-03-28 14:55:25 info: Executing (default): SELECT TABLE_NAME FROM INFORMATION_SCHEMA.TABLES WHERE TABLE_TYPE = 'BASE TABLE' AND TABLE_NAME = 'categoria' AND TABLE_SCHEMA = 'taller_react'
2025-03-28 14:55:25 info: Executing (default): SHOW INDEX FROM `categoria`
2025-03-28 14:55:25 info: Executing (default): SELECT TABLE_NAME FROM INFORMATION_SCHEMA.TABLES WHERE TABLE_TYPE = 'BASE TABLE' AND TABLE_NAME = 'juego' AND TABLE_SCHEMA = 'taller_react'
2025-03-28 14:55:25 info: Executing (default): SHOW INDEX FROM `juego`
2025-03-28 14:55:25 info: Modelos sincronizados correctamente.
2025-03-28 14:55:25 info: Servidor escuchando en el puerto: 3001
2025-03-28 16:46:20 info: Executing (default): SELECT `Juego`.`id`, `Juego`.`nombre`, `Juego`.`id_consola`, `Juego`.`id_categoria`, `Juego`.`imagen`, `Juego`.`year`, `Juego`.`descripcion`, `consola`.`id` AS `consola.id`, `consola`.`nombre` AS `consola.nombre`, `categoria`.`id` AS `categoria.id`, `categoria`.`nombre` AS `categoria.nombre` FROM `juego` AS `Juego` LEFT OUTER JOIN `consola` AS `consola` ON `Juego`.`id_consola` = `consola`.`id` LEFT OUTER JOIN `categoria` AS `categoria` ON `Juego`.`id_categoria` = `categoria`.`id`;
2025-03-28 16:46:20 info: Executing (default): SELECT `Juego`.`id`, `Juego`.`nombre`, `Juego`.`id_consola`, `Juego`.`id_categoria`, `Juego`.`imagen`, `Juego`.`year`, `Juego`.`descripcion`, `consola`.`id` AS `consola.id`, `consola`.`nombre` AS `consola.nombre`, `categoria`.`id` AS `categoria.id`, `categoria`.`nombre` AS `categoria.nombre` FROM `juego` AS `Juego` LEFT OUTER JOIN `consola` AS `consola` ON `Juego`.`id_consola` = `consola`.`id` LEFT OUTER JOIN `categoria` AS `categoria` ON `Juego`.`id_categoria` = `categoria`.`id`;
2025-03-28 16:55:13 info: Executing (default): INSERT INTO `consola` (`id`,`nombre`) VALUES (DEFAULT,?);
2025-03-28 16:56:17 info: Executing (default): INSERT INTO `consola` (`id`,`nombre`) VALUES (DEFAULT,?);
2025-03-28 16:56:30 info: Executing (default): INSERT INTO `consola` (`id`,`nombre`) VALUES (DEFAULT,?);
2025-03-28 16:59:25 info: Executing (default): INSERT INTO `categoria` (`id`,`nombre`) VALUES (DEFAULT,?);
2025-03-28 16:59:38 info: Executing (default): INSERT INTO `categoria` (`id`,`nombre`) VALUES (DEFAULT,?);
2025-03-28 16:59:48 info: Executing (default): INSERT INTO `categoria` (`id`,`nombre`) VALUES (DEFAULT,?);
2025-03-28 17:00:48 info: Executing (default): INSERT INTO `juego` (`id`,`nombre`,`id_consola`,`id_categoria`,`imagen`,`year`,`descripcion`) VALUES (DEFAULT,?,?,?,?,?,?);
2025-03-28 17:01:02 info: Executing (default): SELECT `Juego`.`id`, `Juego`.`nombre`, `Juego`.`id_consola`, `Juego`.`id_categoria`, `Juego`.`imagen`, `Juego`.`year`, `Juego`.`descripcion`, `consola`.`id` AS `consola.id`, `consola`.`nombre` AS `consola.nombre`, `categoria`.`id` AS `categoria.id`, `categoria`.`nombre` AS `categoria.nombre` FROM `juego` AS `Juego` LEFT OUTER JOIN `consola` AS `consola` ON `Juego`.`id_consola` = `consola`.`id` LEFT OUTER JOIN `categoria` AS `categoria` ON `Juego`.`id_categoria` = `categoria`.`id`;
2025-03-28 17:01:02 info: Executing (default): SELECT `Juego`.`id`, `Juego`.`nombre`, `Juego`.`id_consola`, `Juego`.`id_categoria`, `Juego`.`imagen`, `Juego`.`year`, `Juego`.`descripcion`, `consola`.`id` AS `consola.id`, `consola`.`nombre` AS `consola.nombre`, `categoria`.`id` AS `categoria.id`, `categoria`.`nombre` AS `categoria.nombre` FROM `juego` AS `Juego` LEFT OUTER JOIN `consola` AS `consola` ON `Juego`.`id_consola` = `consola`.`id` LEFT OUTER JOIN `categoria` AS `categoria` ON `Juego`.`id_categoria` = `categoria`.`id`;
2025-03-28 20:01:48 info: Executing (default): SELECT `Juego`.`id`, `Juego`.`nombre`, `Juego`.`id_consola`, `Juego`.`id_categoria`, `Juego`.`imagen`, `Juego`.`year`, `Juego`.`descripcion`, `consola`.`id` AS `consola.id`, `consola`.`nombre` AS `consola.nombre`, `categoria`.`id` AS `categoria.id`, `categoria`.`nombre` AS `categoria.nombre` FROM `juego` AS `Juego` LEFT OUTER JOIN `consola` AS `consola` ON `Juego`.`id_consola` = `consola`.`id` LEFT OUTER JOIN `categoria` AS `categoria` ON `Juego`.`id_categoria` = `categoria`.`id`;
2025-03-28 20:01:48 info: Executing (default): SELECT `Juego`.`id`, `Juego`.`nombre`, `Juego`.`id_consola`, `Juego`.`id_categoria`, `Juego`.`imagen`, `Juego`.`year`, `Juego`.`descripcion`, `consola`.`id` AS `consola.id`, `consola`.`nombre` AS `consola.nombre`, `categoria`.`id` AS `categoria.id`, `categoria`.`nombre` AS `categoria.nombre` FROM `juego` AS `Juego` LEFT OUTER JOIN `consola` AS `consola` ON `Juego`.`id_consola` = `consola`.`id` LEFT OUTER JOIN `categoria` AS `categoria` ON `Juego`.`id_categoria` = `categoria`.`id`;
2025-03-28 20:06:50 info: Executing (default): SELECT 1+1 AS result
2025-03-28 20:06:50 info: Conexión a la base de datos establecida correctamente.
2025-03-28 20:06:50 info: Executing (default): SELECT TABLE_NAME FROM INFORMATION_SCHEMA.TABLES WHERE TABLE_TYPE = 'BASE TABLE' AND TABLE_NAME = 'consola' AND TABLE_SCHEMA = 'taller_react'
2025-03-28 20:06:50 info: Executing (default): SHOW INDEX FROM `consola`
2025-03-28 20:06:50 info: Executing (default): SELECT TABLE_NAME FROM INFORMATION_SCHEMA.TABLES WHERE TABLE_TYPE = 'BASE TABLE' AND TABLE_NAME = 'categoria' AND TABLE_SCHEMA = 'taller_react'
2025-03-28 20:06:50 info: Executing (default): SHOW INDEX FROM `categoria`
2025-03-28 20:06:50 info: Executing (default): SELECT TABLE_NAME FROM INFORMATION_SCHEMA.TABLES WHERE TABLE_TYPE = 'BASE TABLE' AND TABLE_NAME = 'juego' AND TABLE_SCHEMA = 'taller_react'
2025-03-28 20:06:50 info: Executing (default): SHOW INDEX FROM `juego`
2025-03-28 20:06:50 info: Modelos sincronizados correctamente.
2025-03-28 20:06:50 info: Servidor escuchando en el puerto: 3001
2025-03-28 20:16:56 info: Executing (default): INSERT INTO `juego` (`id`,`nombre`,`id_consola`,`id_categoria`,`imagen`,`year`,`descripcion`) VALUES (DEFAULT,?,?,?,?,?,?);
2025-03-28 20:17:08 info: Executing (default): SELECT `Juego`.`id`, `Juego`.`nombre`, `Juego`.`id_consola`, `Juego`.`id_categoria`, `Juego`.`imagen`, `Juego`.`year`, `Juego`.`descripcion`, `consola`.`id` AS `consola.id`, `consola`.`nombre` AS `consola.nombre`, `categoria`.`id` AS `categoria.id`, `categoria`.`nombre` AS `categoria.nombre` FROM `juego` AS `Juego` LEFT OUTER JOIN `consola` AS `consola` ON `Juego`.`id_consola` = `consola`.`id` LEFT OUTER JOIN `categoria` AS `categoria` ON `Juego`.`id_categoria` = `categoria`.`id`;
2025-03-28 20:17:08 info: Executing (default): SELECT `Juego`.`id`, `Juego`.`nombre`, `Juego`.`id_consola`, `Juego`.`id_categoria`, `Juego`.`imagen`, `Juego`.`year`, `Juego`.`descripcion`, `consola`.`id` AS `consola.id`, `consola`.`nombre` AS `consola.nombre`, `categoria`.`id` AS `categoria.id`, `categoria`.`nombre` AS `categoria.nombre` FROM `juego` AS `Juego` LEFT OUTER JOIN `consola` AS `consola` ON `Juego`.`id_consola` = `consola`.`id` LEFT OUTER JOIN `categoria` AS `categoria` ON `Juego`.`id_categoria` = `categoria`.`id`;
2025-03-28 20:18:49 info: Executing (default): SELECT `Juego`.`id`, `Juego`.`nombre`, `Juego`.`id_consola`, `Juego`.`id_categoria`, `Juego`.`imagen`, `Juego`.`year`, `Juego`.`descripcion`, `consola`.`id` AS `consola.id`, `consola`.`nombre` AS `consola.nombre`, `categoria`.`id` AS `categoria.id`, `categoria`.`nombre` AS `categoria.nombre` FROM `juego` AS `Juego` LEFT OUTER JOIN `consola` AS `consola` ON `Juego`.`id_consola` = `consola`.`id` LEFT OUTER JOIN `categoria` AS `categoria` ON `Juego`.`id_categoria` = `categoria`.`id`;
2025-03-28 20:18:49 info: Executing (default): SELECT `Juego`.`id`, `Juego`.`nombre`, `Juego`.`id_consola`, `Juego`.`id_categoria`, `Juego`.`imagen`, `Juego`.`year`, `Juego`.`descripcion`, `consola`.`id` AS `consola.id`, `consola`.`nombre` AS `consola.nombre`, `categoria`.`id` AS `categoria.id`, `categoria`.`nombre` AS `categoria.nombre` FROM `juego` AS `Juego` LEFT OUTER JOIN `consola` AS `consola` ON `Juego`.`id_consola` = `consola`.`id` LEFT OUTER JOIN `categoria` AS `categoria` ON `Juego`.`id_categoria` = `categoria`.`id`;
2025-03-28 20:20:17 info: Executing (default): SELECT `Juego`.`id`, `Juego`.`nombre`, `Juego`.`id_consola`, `Juego`.`id_categoria`, `Juego`.`imagen`, `Juego`.`year`, `Juego`.`descripcion`, `consola`.`id` AS `consola.id`, `consola`.`nombre` AS `consola.nombre`, `categoria`.`id` AS `categoria.id`, `categoria`.`nombre` AS `categoria.nombre` FROM `juego` AS `Juego` LEFT OUTER JOIN `consola` AS `consola` ON `Juego`.`id_consola` = `consola`.`id` LEFT OUTER JOIN `categoria` AS `categoria` ON `Juego`.`id_categoria` = `categoria`.`id`;
2025-03-28 20:20:17 info: Executing (default): SELECT `Juego`.`id`, `Juego`.`nombre`, `Juego`.`id_consola`, `Juego`.`id_categoria`, `Juego`.`imagen`, `Juego`.`year`, `Juego`.`descripcion`, `consola`.`id` AS `consola.id`, `consola`.`nombre` AS `consola.nombre`, `categoria`.`id` AS `categoria.id`, `categoria`.`nombre` AS `categoria.nombre` FROM `juego` AS `Juego` LEFT OUTER JOIN `consola` AS `consola` ON `Juego`.`id_consola` = `consola`.`id` LEFT OUTER JOIN `categoria` AS `categoria` ON `Juego`.`id_categoria` = `categoria`.`id`;
2025-03-28 20:20:41 info: Executing (default): SELECT `Juego`.`id`, `Juego`.`nombre`, `Juego`.`id_consola`, `Juego`.`id_categoria`, `Juego`.`imagen`, `Juego`.`year`, `Juego`.`descripcion`, `consola`.`id` AS `consola.id`, `consola`.`nombre` AS `consola.nombre`, `categoria`.`id` AS `categoria.id`, `categoria`.`nombre` AS `categoria.nombre` FROM `juego` AS `Juego` LEFT OUTER JOIN `consola` AS `consola` ON `Juego`.`id_consola` = `consola`.`id` LEFT OUTER JOIN `categoria` AS `categoria` ON `Juego`.`id_categoria` = `categoria`.`id`;
2025-03-28 20:20:41 info: Executing (default): SELECT `Juego`.`id`, `Juego`.`nombre`, `Juego`.`id_consola`, `Juego`.`id_categoria`, `Juego`.`imagen`, `Juego`.`year`, `Juego`.`descripcion`, `consola`.`id` AS `consola.id`, `consola`.`nombre` AS `consola.nombre`, `categoria`.`id` AS `categoria.id`, `categoria`.`nombre` AS `categoria.nombre` FROM `juego` AS `Juego` LEFT OUTER JOIN `consola` AS `consola` ON `Juego`.`id_consola` = `consola`.`id` LEFT OUTER JOIN `categoria` AS `categoria` ON `Juego`.`id_categoria` = `categoria`.`id`;
2025-03-28 20:43:15 info: Executing (default): SELECT `Juego`.`id`, `Juego`.`nombre`, `Juego`.`id_consola`, `Juego`.`id_categoria`, `Juego`.`imagen`, `Juego`.`year`, `Juego`.`descripcion`, `consola`.`id` AS `consola.id`, `consola`.`nombre` AS `consola.nombre`, `categoria`.`id` AS `categoria.id`, `categoria`.`nombre` AS `categoria.nombre` FROM `juego` AS `Juego` LEFT OUTER JOIN `consola` AS `consola` ON `Juego`.`id_consola` = `consola`.`id` LEFT OUTER JOIN `categoria` AS `categoria` ON `Juego`.`id_categoria` = `categoria`.`id`;
2025-03-28 20:43:15 info: Executing (default): SELECT `Juego`.`id`, `Juego`.`nombre`, `Juego`.`id_consola`, `Juego`.`id_categoria`, `Juego`.`imagen`, `Juego`.`year`, `Juego`.`descripcion`, `consola`.`id` AS `consola.id`, `consola`.`nombre` AS `consola.nombre`, `categoria`.`id` AS `categoria.id`, `categoria`.`nombre` AS `categoria.nombre` FROM `juego` AS `Juego` LEFT OUTER JOIN `consola` AS `consola` ON `Juego`.`id_consola` = `consola`.`id` LEFT OUTER JOIN `categoria` AS `categoria` ON `Juego`.`id_categoria` = `categoria`.`id`;
2025-03-28 22:04:15 info: Executing (default): SELECT `Juego`.`id`, `Juego`.`nombre`, `Juego`.`id_consola`, `Juego`.`id_categoria`, `Juego`.`imagen`, `Juego`.`year`, `Juego`.`descripcion`, `consola`.`id` AS `consola.id`, `consola`.`nombre` AS `consola.nombre`, `categoria`.`id` AS `categoria.id`, `categoria`.`nombre` AS `categoria.nombre` FROM `juego` AS `Juego` LEFT OUTER JOIN `consola` AS `consola` ON `Juego`.`id_consola` = `consola`.`id` LEFT OUTER JOIN `categoria` AS `categoria` ON `Juego`.`id_categoria` = `categoria`.`id`;
2025-03-28 22:04:15 info: Executing (default): SELECT `Juego`.`id`, `Juego`.`nombre`, `Juego`.`id_consola`, `Juego`.`id_categoria`, `Juego`.`imagen`, `Juego`.`year`, `Juego`.`descripcion`, `consola`.`id` AS `consola.id`, `consola`.`nombre` AS `consola.nombre`, `categoria`.`id` AS `categoria.id`, `categoria`.`nombre` AS `categoria.nombre` FROM `juego` AS `Juego` LEFT OUTER JOIN `consola` AS `consola` ON `Juego`.`id_consola` = `consola`.`id` LEFT OUTER JOIN `categoria` AS `categoria` ON `Juego`.`id_categoria` = `categoria`.`id`;
2025-03-28 22:04:19 info: Executing (default): SELECT `id`, `nombre` FROM `consola` AS `Consola`;
2025-03-28 22:04:19 info: Executing (default): SELECT `id`, `nombre` FROM `categoria` AS `Categoria`;
2025-03-28 22:04:19 info: Executing (default): SELECT `id`, `nombre` FROM `consola` AS `Consola`;
2025-03-28 22:04:19 info: Executing (default): SELECT `id`, `nombre` FROM `categoria` AS `Categoria`;
2025-03-28 22:04:55 info: Executing (default): SELECT `id`, `nombre` FROM `consola` AS `Consola`;
2025-03-28 22:04:55 info: Executing (default): SELECT `id`, `nombre` FROM `categoria` AS `Categoria`;
2025-03-28 22:04:55 info: Executing (default): SELECT `id`, `nombre` FROM `consola` AS `Consola`;
2025-03-28 22:04:55 info: Executing (default): SELECT `id`, `nombre` FROM `categoria` AS `Categoria`;
2025-03-28 22:53:52 info: Executing (default): SELECT 1+1 AS result
2025-03-28 22:53:52 info: Conexión a la base de datos establecida correctamente.
2025-03-28 22:53:52 info: Executing (default): SELECT TABLE_NAME FROM INFORMATION_SCHEMA.TABLES WHERE TABLE_TYPE = 'BASE TABLE' AND TABLE_NAME = 'consola' AND TABLE_SCHEMA = 'taller_react'
2025-03-28 22:53:52 info: Executing (default): SHOW INDEX FROM `consola`
2025-03-28 22:53:52 info: Executing (default): SELECT TABLE_NAME FROM INFORMATION_SCHEMA.TABLES WHERE TABLE_TYPE = 'BASE TABLE' AND TABLE_NAME = 'categoria' AND TABLE_SCHEMA = 'taller_react'
2025-03-28 22:53:52 info: Executing (default): SHOW INDEX FROM `categoria`
2025-03-28 22:53:52 info: Executing (default): SELECT TABLE_NAME FROM INFORMATION_SCHEMA.TABLES WHERE TABLE_TYPE = 'BASE TABLE' AND TABLE_NAME = 'juego' AND TABLE_SCHEMA = 'taller_react'
2025-03-28 22:53:52 info: Executing (default): SHOW INDEX FROM `juego`
2025-03-28 22:53:52 info: Modelos sincronizados correctamente.
2025-03-28 22:53:52 info: Servidor escuchando en el puerto: 3001
2025-03-29 00:20:28 info: Executing (default): SELECT 1+1 AS result
2025-03-29 00:20:28 info: Conexión a la base de datos establecida correctamente.
2025-03-29 00:20:28 info: Executing (default): SELECT TABLE_NAME FROM INFORMATION_SCHEMA.TABLES WHERE TABLE_TYPE = 'BASE TABLE' AND TABLE_NAME = 'consola' AND TABLE_SCHEMA = 'taller_react'
2025-03-29 00:20:28 info: Executing (default): SHOW INDEX FROM `consola`
2025-03-29 00:20:28 info: Executing (default): SELECT TABLE_NAME FROM INFORMATION_SCHEMA.TABLES WHERE TABLE_TYPE = 'BASE TABLE' AND TABLE_NAME = 'categoria' AND TABLE_SCHEMA = 'taller_react'
2025-03-29 00:20:28 info: Executing (default): SHOW INDEX FROM `categoria`
2025-03-29 00:20:28 info: Executing (default): SELECT TABLE_NAME FROM INFORMATION_SCHEMA.TABLES WHERE TABLE_TYPE = 'BASE TABLE' AND TABLE_NAME = 'juego' AND TABLE_SCHEMA = 'taller_react'
2025-03-29 00:20:28 info: Executing (default): SHOW INDEX FROM `juego`
2025-03-29 00:20:28 info: Modelos sincronizados correctamente.
2025-03-29 00:20:28 info: Servidor escuchando en el puerto: 3001
2025-03-29 00:20:38 info: Executing (default): SELECT 1+1 AS result
2025-03-29 00:20:38 info: Conexión a la base de datos establecida correctamente.
2025-03-29 00:20:38 info: Executing (default): SELECT TABLE_NAME FROM INFORMATION_SCHEMA.TABLES WHERE TABLE_TYPE = 'BASE TABLE' AND TABLE_NAME = 'consola' AND TABLE_SCHEMA = 'taller_react'
2025-03-29 00:20:38 info: Executing (default): SHOW INDEX FROM `consola`
2025-03-29 00:20:38 info: Executing (default): SELECT TABLE_NAME FROM INFORMATION_SCHEMA.TABLES WHERE TABLE_TYPE = 'BASE TABLE' AND TABLE_NAME = 'categoria' AND TABLE_SCHEMA = 'taller_react'
2025-03-29 00:20:38 info: Executing (default): SHOW INDEX FROM `categoria`
2025-03-29 00:20:38 info: Executing (default): SELECT TABLE_NAME FROM INFORMATION_SCHEMA.TABLES WHERE TABLE_TYPE = 'BASE TABLE' AND TABLE_NAME = 'juego' AND TABLE_SCHEMA = 'taller_react'
2025-03-29 00:20:38 info: Executing (default): SHOW INDEX FROM `juego`
2025-03-29 00:20:38 info: Modelos sincronizados correctamente.
2025-03-29 00:20:38 info: Servidor escuchando en el puerto: 3001
2025-03-29 00:20:46 info: Executing (default): SELECT `id`, `nombre` FROM `consola` AS `Consola`;
2025-03-29 00:20:46 info: Executing (default): SELECT `id`, `nombre` FROM `categoria` AS `Categoria`;
2025-03-29 00:20:46 info: Executing (default): SELECT `id`, `nombre` FROM `categoria` AS `Categoria`;
2025-03-29 00:20:46 info: Executing (default): SELECT `id`, `nombre` FROM `consola` AS `Consola`;
2025-03-30 18:52:42 info: Executing (default): SELECT 1+1 AS result
2025-03-30 18:52:42 info: Conexión a la base de datos establecida correctamente.
2025-03-30 18:52:42 info: Executing (default): SELECT TABLE_NAME FROM INFORMATION_SCHEMA.TABLES WHERE TABLE_TYPE = 'BASE TABLE' AND TABLE_NAME = 'consola' AND TABLE_SCHEMA = 'taller_react'
2025-03-30 18:52:42 info: Executing (default): SHOW INDEX FROM `consola`
2025-03-30 18:52:42 info: Executing (default): SELECT TABLE_NAME FROM INFORMATION_SCHEMA.TABLES WHERE TABLE_TYPE = 'BASE TABLE' AND TABLE_NAME = 'categoria' AND TABLE_SCHEMA = 'taller_react'
2025-03-30 18:52:42 info: Executing (default): SHOW INDEX FROM `categoria`
2025-03-30 18:52:42 info: Executing (default): SELECT TABLE_NAME FROM INFORMATION_SCHEMA.TABLES WHERE TABLE_TYPE = 'BASE TABLE' AND TABLE_NAME = 'juego' AND TABLE_SCHEMA = 'taller_react'
2025-03-30 18:52:42 info: Executing (default): SHOW INDEX FROM `juego`
2025-03-30 18:52:42 info: Modelos sincronizados correctamente.
2025-03-30 18:52:42 info: Servidor escuchando en el puerto: 3001
2025-03-30 19:05:46 info: Executing (default): SELECT 1+1 AS result
2025-03-30 19:05:46 info: Conexión a la base de datos establecida correctamente.
2025-03-30 19:05:46 info: Executing (default): SELECT TABLE_NAME FROM INFORMATION_SCHEMA.TABLES WHERE TABLE_TYPE = 'BASE TABLE' AND TABLE_NAME = 'consola' AND TABLE_SCHEMA = 'taller_react'
2025-03-30 19:05:46 info: Executing (default): SHOW INDEX FROM `consola`
2025-03-30 19:05:46 info: Executing (default): SELECT TABLE_NAME FROM INFORMATION_SCHEMA.TABLES WHERE TABLE_TYPE = 'BASE TABLE' AND TABLE_NAME = 'categoria' AND TABLE_SCHEMA = 'taller_react'
2025-03-30 19:05:46 info: Executing (default): SHOW INDEX FROM `categoria`
2025-03-30 19:05:46 info: Executing (default): SELECT TABLE_NAME FROM INFORMATION_SCHEMA.TABLES WHERE TABLE_TYPE = 'BASE TABLE' AND TABLE_NAME = 'juego' AND TABLE_SCHEMA = 'taller_react'
2025-03-30 19:05:46 info: Executing (default): SHOW INDEX FROM `juego`
2025-03-30 19:05:46 info: Modelos sincronizados correctamente.
2025-03-30 19:14:53 info: Executing (default): SELECT 1+1 AS result
2025-03-30 19:14:53 info: Executing (default): SELECT 1+1 AS result
2025-03-30 19:14:53 info: Conexión a la base de datos establecida correctamente.
2025-03-30 19:14:53 info: Conexión a la base de datos establecida correctamente.
2025-03-30 19:14:53 info: Executing (default): SELECT TABLE_NAME FROM INFORMATION_SCHEMA.TABLES WHERE TABLE_TYPE = 'BASE TABLE' AND TABLE_NAME = 'consola' AND TABLE_SCHEMA = 'taller_react'
2025-03-30 19:14:53 info: Executing (default): SELECT TABLE_NAME FROM INFORMATION_SCHEMA.TABLES WHERE TABLE_TYPE = 'BASE TABLE' AND TABLE_NAME = 'consola' AND TABLE_SCHEMA = 'taller_react'
2025-03-30 19:14:54 info: Executing (default): SHOW INDEX FROM `consola`
2025-03-30 19:14:54 info: Executing (default): SHOW INDEX FROM `consola`
2025-03-30 19:14:54 info: Executing (default): SELECT TABLE_NAME FROM INFORMATION_SCHEMA.TABLES WHERE TABLE_TYPE = 'BASE TABLE' AND TABLE_NAME = 'categoria' AND TABLE_SCHEMA = 'taller_react'
2025-03-30 19:14:54 info: Executing (default): SELECT TABLE_NAME FROM INFORMATION_SCHEMA.TABLES WHERE TABLE_TYPE = 'BASE TABLE' AND TABLE_NAME = 'categoria' AND TABLE_SCHEMA = 'taller_react'
2025-03-30 19:14:54 info: Executing (default): SHOW INDEX FROM `categoria`
2025-03-30 19:14:54 info: Executing (default): SHOW INDEX FROM `categoria`
2025-03-30 19:14:54 info: Executing (default): SELECT TABLE_NAME FROM INFORMATION_SCHEMA.TABLES WHERE TABLE_TYPE = 'BASE TABLE' AND TABLE_NAME = 'juego' AND TABLE_SCHEMA = 'taller_react'
2025-03-30 19:14:54 info: Executing (default): SELECT TABLE_NAME FROM INFORMATION_SCHEMA.TABLES WHERE TABLE_TYPE = 'BASE TABLE' AND TABLE_NAME = 'juego' AND TABLE_SCHEMA = 'taller_react'
2025-03-30 19:14:54 info: Executing (default): SHOW INDEX FROM `juego`
2025-03-30 19:14:54 info: Executing (default): SHOW INDEX FROM `juego`
2025-03-30 19:14:54 info: Modelos sincronizados correctamente.
2025-03-30 19:14:54 info: Modelos sincronizados correctamente.
2025-03-30 19:14:54 info: Servidor escuchando en el puerto: 3001
2025-03-30 19:15:36 info: Executing (default): SELECT 1+1 AS result
2025-03-30 19:15:36 info: Conexión a la base de datos establecida correctamente.
2025-03-30 19:15:36 info: Executing (default): SELECT TABLE_NAME FROM INFORMATION_SCHEMA.TABLES WHERE TABLE_TYPE = 'BASE TABLE' AND TABLE_NAME = 'consola' AND TABLE_SCHEMA = 'taller_react'
2025-03-30 19:15:36 info: Executing (default): SHOW INDEX FROM `consola`
2025-03-30 19:15:36 info: Executing (default): SELECT TABLE_NAME FROM INFORMATION_SCHEMA.TABLES WHERE TABLE_TYPE = 'BASE TABLE' AND TABLE_NAME = 'categoria' AND TABLE_SCHEMA = 'taller_react'
2025-03-30 19:15:36 info: Executing (default): SHOW INDEX FROM `categoria`
2025-03-30 19:15:36 info: Executing (default): SELECT TABLE_NAME FROM INFORMATION_SCHEMA.TABLES WHERE TABLE_TYPE = 'BASE TABLE' AND TABLE_NAME = 'juego' AND TABLE_SCHEMA = 'taller_react'
2025-03-30 19:15:36 info: Executing (default): SHOW INDEX FROM `juego`
2025-03-30 19:15:36 info: Modelos sincronizados correctamente.
2025-03-30 19:41:46 info: Executing (default): SELECT `id`, `nombre` FROM `consola` AS `Consola`;
2025-03-30 19:41:46 info: Executing (default): SELECT `id`, `nombre` FROM `categoria` AS `Categoria`;
2025-03-30 19:41:46 info: Executing (default): SELECT `id`, `nombre` FROM `categoria` AS `Categoria`;
2025-03-30 19:41:46 info: Executing (default): SELECT `id`, `nombre` FROM `consola` AS `Consola`;
2025-03-30 20:04:48 info: Executing (default): SELECT `Juego`.`id`, `Juego`.`nombre`, `Juego`.`id_consola`, `Juego`.`id_categoria`, `Juego`.`imagen`, `Juego`.`year`, `Juego`.`descripcion`, `consola`.`id` AS `consola.id`, `consola`.`nombre` AS `consola.nombre`, `categoria`.`id` AS `categoria.id`, `categoria`.`nombre` AS `categoria.nombre` FROM `juego` AS `Juego` LEFT OUTER JOIN `consola` AS `consola` ON `Juego`.`id_consola` = `consola`.`id` LEFT OUTER JOIN `categoria` AS `categoria` ON `Juego`.`id_categoria` = `categoria`.`id`;
2025-03-30 20:28:12 info: Executing (default): SELECT `id`, `nombre` FROM `consola` AS `Consola`;
2025-03-30 20:30:56 info: Executing (default): INSERT INTO `consola` (`id`,`nombre`) VALUES (DEFAULT,?);
2025-03-30 20:31:18 info: Executing (default): INSERT INTO `consola` (`id`,`nombre`) VALUES (DEFAULT,?);
2025-03-30 20:31:22 info: Executing (default): SELECT `id`, `nombre` FROM `consola` AS `Consola`;
2025-03-30 20:32:28 info: Executing (default): SELECT `id`, `nombre` FROM `categoria` AS `Categoria`;
2025-03-30 20:35:02 info: Executing (default): INSERT INTO `categoria` (`id`,`nombre`) VALUES (DEFAULT,?);
2025-03-30 20:35:13 info: Executing (default): INSERT INTO `categoria` (`id`,`nombre`) VALUES (DEFAULT,?);
2025-03-30 20:35:20 info: Executing (default): SELECT `id`, `nombre` FROM `categoria` AS `Categoria`;
2025-03-30 20:42:26 info: Executing (default): SELECT `id`, `nombre` FROM `consola` AS `Consola`;
2025-03-30 20:42:26 info: Executing (default): SELECT `id`, `nombre` FROM `categoria` AS `Categoria`;
2025-03-30 20:42:26 info: Executing (default): SELECT `id`, `nombre` FROM `consola` AS `Consola`;
2025-03-30 20:42:26 info: Executing (default): SELECT `id`, `nombre` FROM `categoria` AS `Categoria`;
2025-03-30 20:53:33 info: Executing (default): SELECT `id`, `nombre` FROM `consola` AS `Consola`;
2025-03-30 20:53:33 info: Executing (default): SELECT `id`, `nombre` FROM `categoria` AS `Categoria`;
2025-03-30 20:53:33 info: Executing (default): SELECT `id`, `nombre` FROM `consola` AS `Consola`;
2025-03-30 20:53:33 info: Executing (default): SELECT `id`, `nombre` FROM `categoria` AS `Categoria`;
2025-03-30 20:55:01 info: Executing (default): SELECT `id`, `nombre` FROM `consola` AS `Consola`;
2025-03-30 20:55:01 info: Executing (default): SELECT `id`, `nombre` FROM `categoria` AS `Categoria`;
2025-03-30 20:55:01 info: Executing (default): SELECT `id`, `nombre` FROM `consola` AS `Consola`;
2025-03-30 20:55:01 info: Executing (default): SELECT `id`, `nombre` FROM `categoria` AS `Categoria`;
2025-03-30 20:55:11 info: Executing (default): SELECT `id`, `nombre` FROM `consola` AS `Consola`;
2025-03-30 20:55:11 info: Executing (default): SELECT `id`, `nombre` FROM `categoria` AS `Categoria`;
2025-03-30 20:55:11 info: Executing (default): SELECT `id`, `nombre` FROM `consola` AS `Consola`;
2025-03-30 20:55:11 info: Executing (default): SELECT `id`, `nombre` FROM `categoria` AS `Categoria`;
2025-03-30 21:57:39 info: Executing (default): SELECT `id`, `nombre` FROM `consola` AS `Consola`;
2025-03-30 21:57:39 info: Executing (default): SELECT `id`, `nombre` FROM `categoria` AS `Categoria`;
2025-03-30 21:57:39 info: Executing (default): SELECT `id`, `nombre` FROM `consola` AS `Consola`;
2025-03-30 21:57:39 info: Executing (default): SELECT `id`, `nombre` FROM `categoria` AS `Categoria`;
2025-03-30 22:03:27 info: Executing (default): SELECT `id`, `nombre` FROM `consola` AS `Consola`;
2025-03-30 22:03:27 info: Executing (default): SELECT `id`, `nombre` FROM `categoria` AS `Categoria`;
2025-03-30 22:03:27 info: Executing (default): SELECT `id`, `nombre` FROM `consola` AS `Consola`;
2025-03-30 22:03:27 info: Executing (default): SELECT `id`, `nombre` FROM `categoria` AS `Categoria`;
2025-03-30 22:05:36 info: Executing (default): SELECT `id`, `nombre` FROM `consola` AS `Consola`;
2025-03-30 22:05:36 info: Executing (default): SELECT `id`, `nombre` FROM `categoria` AS `Categoria`;
2025-03-30 22:25:06 info: Executing (default): SELECT `id`, `nombre` FROM `consola` AS `Consola`;
2025-03-30 22:25:06 info: Executing (default): SELECT `id`, `nombre` FROM `categoria` AS `Categoria`;
2025-03-30 22:25:06 info: Executing (default): SELECT `id`, `nombre` FROM `categoria` AS `Categoria`;
2025-03-30 22:25:06 info: Executing (default): SELECT `id`, `nombre` FROM `consola` AS `Consola`;
2025-03-30 22:31:38 info: Executing (default): SELECT `id`, `nombre` FROM `consola` AS `Consola`;
2025-03-30 22:31:38 info: Executing (default): SELECT `id`, `nombre` FROM `categoria` AS `Categoria`;
2025-03-30 22:31:38 info: Executing (default): SELECT `id`, `nombre` FROM `consola` AS `Consola`;
2025-03-30 22:31:38 info: Executing (default): SELECT `id`, `nombre` FROM `categoria` AS `Categoria`;
2025-03-30 22:37:35 info: Executing (default): SELECT `id`, `nombre` FROM `consola` AS `Consola`;
2025-03-30 22:37:35 info: Executing (default): SELECT `id`, `nombre` FROM `categoria` AS `Categoria`;
2025-03-30 22:37:35 info: Executing (default): SELECT `id`, `nombre` FROM `consola` AS `Consola`;
2025-03-30 22:37:35 info: Executing (default): SELECT `id`, `nombre` FROM `categoria` AS `Categoria`;
2025-03-30 23:00:48 info: Executing (default): SELECT `id`, `nombre` FROM `consola` AS `Consola`;
2025-03-30 23:00:48 info: Executing (default): SELECT `id`, `nombre` FROM `categoria` AS `Categoria`;
2025-03-30 23:00:48 info: Executing (default): SELECT `id`, `nombre` FROM `categoria` AS `Categoria`;
2025-03-30 23:00:48 info: Executing (default): SELECT `id`, `nombre` FROM `consola` AS `Consola`;
2025-03-30 23:02:26 info: Executing (default): SELECT `id`, `nombre` FROM `consola` AS `Consola`;
2025-03-30 23:02:26 info: Executing (default): SELECT `id`, `nombre` FROM `categoria` AS `Categoria`;
2025-03-30 23:02:26 info: Executing (default): SELECT `id`, `nombre` FROM `consola` AS `Consola`;
2025-03-30 23:02:26 info: Executing (default): SELECT `id`, `nombre` FROM `categoria` AS `Categoria`;
2025-03-30 23:05:09 info: Executing (default): SELECT `id`, `nombre` FROM `consola` AS `Consola`;
2025-03-30 23:05:09 info: Executing (default): SELECT `id`, `nombre` FROM `categoria` AS `Categoria`;
2025-03-30 23:05:09 info: Executing (default): SELECT `id`, `nombre` FROM `consola` AS `Consola`;
2025-03-30 23:05:09 info: Executing (default): SELECT `id`, `nombre` FROM `categoria` AS `Categoria`;
